g:\vsqtprogram\meshpro\meshpro\x64\debug\vc120.pdb
g:\vsqtprogram\meshpro\meshpro\x64\debug\myopenglwidget.obj
g:\vsqtprogram\meshpro\meshpro\x64\debug\meshpro.obj
g:\vsqtprogram\meshpro\meshpro\x64\debug\main.obj
g:\vsqtprogram\meshpro\meshpro\x64\debug\moc_myopenglwidget.obj
g:\vsqtprogram\meshpro\meshpro\x64\debug\moc_meshpro.obj
g:\vsqtprogram\meshpro\meshpro\x64\debug\arcball.obj
g:\vsqtprogram\meshpro\meshpro\x64\debug\qrc_meshpro.obj
g:\vsqtprogram\meshpro\meshpro\generatedfiles\debug\moc_meshpro.cpp
g:\vsqtprogram\meshpro\meshpro\generatedfiles\ui_meshpro.h
g:\vsqtprogram\meshpro\meshpro\generatedfiles\debug\moc_myopenglwidget.cpp
g:\vsqtprogram\meshpro\meshpro\generatedfiles\qrc_meshpro.cpp
g:\vsqtprogram\meshpro\output\meshpro.exe
g:\vsqtprogram\meshpro\meshpro\x64\debug\meshpro.tlog\cl.command.1.tlog
g:\vsqtprogram\meshpro\meshpro\x64\debug\meshpro.tlog\cl.read.1.tlog
g:\vsqtprogram\meshpro\meshpro\x64\debug\meshpro.tlog\cl.write.1.tlog
g:\vsqtprogram\meshpro\meshpro\x64\debug\meshpro.tlog\custombuild.command.1.tlog
g:\vsqtprogram\meshpro\meshpro\x64\debug\meshpro.tlog\custombuild.read.1.tlog
g:\vsqtprogram\meshpro\meshpro\x64\debug\meshpro.tlog\custombuild.write.1.tlog
g:\vsqtprogram\meshpro\meshpro\x64\debug\meshpro.tlog\link.command.1.tlog
g:\vsqtprogram\meshpro\meshpro\x64\debug\meshpro.tlog\link.read.1.tlog
g:\vsqtprogram\meshpro\meshpro\x64\debug\meshpro.tlog\link.write.1.tlog
